<?xml version="1.0" encoding="UTF-8"?>
<testsuite xmlns:xsi="http://www.w3.org/2001/XMLSchema-instance" xsi:noNamespaceSchemaLocation="https://maven.apache.org/surefire/maven-surefire-plugin/xsd/surefire-test-report-3.0.xsd" version="3.0" name="TestSuite" time="45.678" tests="1" errors="0" skipped="0" failures="1">
  <properties>
[...]
</properties>
  <testcase name="logInTest" classname="com.seleniumadvanced.github.PositiveTests" time="44.143">
    <failure message="expected [http://the-internet.herokuapp.com/secure] but found [http://the-internet.herokuapp.com/login]" type="java.lang.AssertionError"><![CDATA[java.lang.AssertionError: expected [http://the-internet.herokuapp.com/secure] but found [http://the-internet.herokuapp.com/login]
	at com.seleniumadvanced.github.PositiveTests.logInTest(PositiveTests.java:46)
]]></failure>
    <system-out><![CDATA[Starting logIn test
Main page is opened.
]]></system-out>
    <system-err><![CDATA[Starting ChromeDriver 81.0.4044.69 (6813546031a4bc83f717a2ef7cd4ac6ec1199132-refs/branch-heads/4044@{#776}) on port 32673
Only local connections are allowed.
Please protect ports used by ChromeDriver and related test frameworks to prevent access by malicious code.
may 03, 2020 12:18:26 AM org.openqa.selenium.remote.ProtocolHandshake createSession
INFORMACIÓN: Detected dialect: W3C
[1588483113.380][SEVERE]: Timed out receiving message from renderer: 0.100
[1588483127.981][SEVERE]: Timed out receiving message from renderer: 0.100
[1588483128.398][SEVERE]: Timed out receiving message from renderer: 0.100
[1588483128.846][SEVERE]: Timed out receiving message from renderer: 0.100
[1588483140.538][SEVERE]: Timed out receiving message from renderer: 0.100
]]></system-err>
  </testcase>
</testsuite>