<?xml version="1.0" encoding="UTF-8"?>
<testng-results skipped="0" failed="0" total="1" passed="1">
  <reporter-output>
  </reporter-output>
  <suite name="PositiveTestSuite" duration-ms="15095" started-at="2020-05-02T05:53:12Z" finished-at="2020-05-02T05:53:27Z">
    <groups>
    </groups>
    <test name="PositiveTest" duration-ms="15095" started-at="2020-05-02T05:53:12Z" finished-at="2020-05-02T05:53:27Z">
      <class name="com.seleniumadvanced.github.PositiveTests">
        <test-method status="PASS" signature="logInTest()[pri:0, instance:com.seleniumadvanced.github.PositiveTests@6d00a15d]" name="logInTest" duration-ms="15008" started-at="2020-05-02T00:53:12Z" finished-at="2020-05-02T00:53:27Z">
          <reporter-output>
          </reporter-output>
        </test-method> <!-- logInTest -->
      </class> <!-- com.seleniumadvanced.github.PositiveTests -->
    </test> <!-- PositiveTest -->
  </suite> <!-- PositiveTestSuite -->
</testng-results>
